2025-01-02 10:14:00 | DEBUG | repo=a4m36jee-2014 | action=test | passed=true
2025-09-13 18:58:00 | DEBUG | repo=a4m36jee-2014 | action=edit | files=2
2025-06-15 18:54:00 | WARN | repo=a4m36jee-2014 | action=commit
2025-09-27 10:08:00 | WARN | repo=a4m36jee-2014 | action=test | passed=true
2025-11-21 08:59:00 | INFO | repo=a4m36jee-2014 | action=edit | files=4
2025-12-24 08:51:00 | INFO | repo=a4m36jee-2014 | action=pull
2025-02-18 19:06:00 | DEBUG | repo=a4m36jee-2014 | action=commit
2025-11-18 21:09:00 | WARN | repo=a4m36jee-2014 | action=pull
2025-12-09 07:48:00 | INFO | repo=a4m36jee-2014 | action=test | passed=true
2025-11-25 07:59:00 | DEBUG | repo=a4m36jee-2014 | action=test | passed=true
2025-06-05 18:26:00 | DEBUG | repo=a4m36jee-2014 | action=edit | files=1
2025-04-15 09:40:00 | WARN | repo=a4m36jee-2014 | action=edit | files=4
2025-11-17 11:36:00 | DEBUG | repo=a4m36jee-2014 | action=edit | files=1
2025-01-17 11:21:00 | DEBUG | repo=a4m36jee-2014 | action=commit
2025-12-16 11:50:00 | WARN | repo=a4m36jee-2014 | action=commit
2025-09-16 10:53:00 | WARN | repo=a4m36jee-2014 | action=commit
2025-10-02 20:50:00 | DEBUG | repo=a4m36jee-2014 | action=commit
2025-03-21 18:07:00 | DEBUG | repo=a4m36jee-2014 | action=edit | files=1
2025-04-21 07:45:00 | WARN | repo=a4m36jee-2014 | action=edit | files=2
2025-07-16 14:53:00 | WARN | repo=a4m36jee-2014 | action=pull
2025-11-25 13:53:00 | DEBUG | repo=a4m36jee-2014 | action=pull
2025-11-19 20:22:00 | DEBUG | repo=a4m36jee-2014 | action=commit
2025-05-14 19:17:00 | DEBUG | repo=a4m36jee-2014 | action=commit
